SF:lib/src/models/item_model.dart
DA:18,1
DA:19,1
DA:20,1
DA:21,1
DA:22,1
DA:23,1
DA:24,1
DA:25,1
DA:26,1
DA:27,1
DA:28,1
DA:29,1
DA:30,1
DA:31,1
DA:33,0
DA:34,0
DA:35,0
DA:36,0
DA:37,0
DA:38,0
DA:39,0
DA:40,0
DA:41,0
DA:42,0
DA:43,0
DA:44,0
DA:45,0
DA:46,0
DA:48,0
DA:49,0
DA:50,0
DA:51,0
DA:52,0
DA:53,0
DA:54,0
DA:55,0
DA:56,0
DA:57,0
DA:58,0
DA:59,0
DA:60,0
DA:61,0
DA:62,0
LF:43
LH:14
end_of_record
SF:lib/src/resources/news_api_provider.dart
DA:11,1
DA:12,5
DA:13,2
DA:15,1
DA:18,1
DA:19,5
DA:20,2
DA:22,1
LF:8
LH:8
end_of_record
SF:lib/main.dart
DA:3,0
DA:7,1
DA:9,1
DA:11,1
DA:23,1
DA:29,2
DA:42,1
DA:43,1
DA:49,1
DA:50,2
DA:56,2
DA:60,1
DA:68,1
DA:69,1
DA:72,3
DA:74,1
DA:77,1
DA:93,1
DA:94,1
DA:97,1
DA:98,2
DA:99,3
DA:104,1
DA:105,1
DA:107,1
LF:25
LH:24
end_of_record
